Sencha Cmd 7.8.0.59 - Crash report
================================================
An error occurred while executing the following command: app refresh

Diagnostic information:
=======================
Error while loading build environment: Failed to load JSON from D:\Extjs\MyApp\app.json - duplicate key: requires

java.lang.NullPointerException
     at com.sencha.command.Sencha.logCrashToFile(Sencha.java:640)
     at com.sencha.command.Sencha.main(Sencha.java:181)


Exception information:
=======================
Failed to load JSON from D:\Extjs\MyApp\app.json - duplicate key: requires
     at com.sencha.util.JsonUtil.loadJson(JsonUtil.java:195)
     at com.sencha.util.JsonUtil.loadJson(JsonUtil.java:177)
     at com.sencha.util.JsonUtil.loadJsonMap(JsonUtil.java:204)
     at com.sencha.command.environment.BuildEnvironment.getRawJsonConfig(BuildEnvironment.java:682)
     at com.sencha.command.environment.BuildEnvironment.loadJsonConfig(BuildEnvironment.java:640)
     at com.sencha.command.environment.BuildEnvironment.loadJsonConfig(BuildEnvironment.java:656)
     at com.sencha.command.environment.AppEnvironment.<init>(AppEnvironment.java:44)
     at com.sencha.command.environment.BuildEnvironment.load(BuildEnvironment.java:110)
     at com.sencha.command.environment.BuildEnvironment.load(BuildEnvironment.java:134)
     at com.sencha.command.environment.BuildEnvironment.load(BuildEnvironment.java:80)
     at com.sencha.command.Sencha.loadBuildEnvironment(Sencha.java:500)
     at com.sencha.command.Sencha.main(Sencha.java:139)
   Caused by: duplicate key: requires
     at com.google.gson.internal.bind.MapTypeAdapterFactory$Adapter.read(MapTypeAdapterFactory.java:190)
     at com.google.gson.internal.bind.MapTypeAdapterFactory$Adapter.read(MapTypeAdapterFactory.java:145)
     at com.google.gson.Gson.fromJson(Gson.java:887)
     at com.google.gson.Gson.fromJson(Gson.java:852)
     at com.google.gson.Gson.fromJson(Gson.java:801)
     at com.sencha.util.JsonUtil$ThreadSafeGson.fromJson(JsonUtil.java:397)
     at com.sencha.util.JsonUtil.fromJson(JsonUtil.java:151)
     at com.sencha.util.JsonUtil.loadJson(JsonUtil.java:191)
     at com.sencha.util.JsonUtil.loadJson(JsonUtil.java:177)
     at com.sencha.util.JsonUtil.loadJsonMap(JsonUtil.java:204)
     at com.sencha.command.environment.BuildEnvironment.getRawJsonConfig(BuildEnvironment.java:682)
     at com.sencha.command.environment.BuildEnvironment.loadJsonConfig(BuildEnvironment.java:640)
     at com.sencha.command.environment.BuildEnvironment.loadJsonConfig(BuildEnvironment.java:656)
     at com.sencha.command.environment.AppEnvironment.<init>(AppEnvironment.java:44)
     at com.sencha.command.environment.BuildEnvironment.load(BuildEnvironment.java:110)
     at com.sencha.command.environment.BuildEnvironment.load(BuildEnvironment.java:134)
     at com.sencha.command.environment.BuildEnvironment.load(BuildEnvironment.java:80)
     at com.sencha.command.Sencha.loadBuildEnvironment(Sencha.java:500)
     at com.sencha.command.Sencha.main(Sencha.java:139)

